<?xml version="1.0" encoding="UTF-8"?>
<!-- Generated by org.testng.reporters.JUnitXMLReporter -->
<testsuite hostname="DESKTOP-8PL2JVR" ignored="0" name="Default test" tests="4" failures="0" timestamp="2022-06-12T21:13:39 IST" time="3.094" errors="0">
  <testcase name="loginTest" time="0.767" classname="DataProvider.tests.DPTest"/>
  <testcase name="loginTest" time="0.588" classname="DataProvider.tests.DPTest"/>
  <testcase name="loginTest" time="0.774" classname="DataProvider.tests.DPTest"/>
  <testcase name="loginTest" time="0.875" classname="DataProvider.tests.DPTest"/>
</testsuite> <!-- Default test -->
